<?xml version="1.0" encoding="UTF-8"?>
<!-- Generated by org.testng.reporters.JUnitReportReporter -->
<testsuite hostname="LAPTOP-7D68NT7T" failures="0" tests="3" name="qedge_april1.SecondTestNGClass" time="13.759" errors="0" timestamp="2023-04-02T13:30:17 IST" skipped="0">
  <testcase classname="qedge_april1.SecondTestNGClass" name="division" time="4.300"/>
  <system-out>
    <![CDATA[Execution Multiplication test]]>
  </system-out>
  <testcase classname="qedge_april1.SecondTestNGClass" name="addition" time="4.397"/>
  <system-out>
    <![CDATA[Executing Addition test]]>
  </system-out>
  <testcase classname="qedge_april1.SecondTestNGClass" name="multiplication" time="5.062"/>
  <system-out>
    <![CDATA[Execution Division test]]>
  </system-out>
</testsuite> <!-- qedge_april1.SecondTestNGClass -->
