<?xml version="1.0" encoding="UTF-8"?>
<!-- Generated by org.testng.reporters.JUnitReportReporter -->
<testsuite hostname="LAPTOP-7D68NT7T" failures="0" tests="1" name="april6.LoginTest" time="29.623" errors="0" timestamp="2023-04-08T08:06:21 IST" skipped="0">
  <testcase classname="april6.LoginTest" name="loginTest" time="29.623"/>
  <system-out>
    <![CDATA[No of rows are::8
Login Sucess::dashboard    http://orangehrm.qedgetech.com/symfony/web/index.php/dashboard
Login Sucess::dashboard    http://orangehrm.qedgetech.com/symfony/web/index.php/auth/validateCredentials
Login Sucess::dashboard    http://orangehrm.qedgetech.com/symfony/web/index.php/dashboard
Login Sucess::dashboard    http://orangehrm.qedgetech.com/symfony/web/index.php/auth/login
Login Sucess::dashboard    http://orangehrm.qedgetech.com/symfony/web/index.php/auth/validateCredentials
Login Sucess::dashboard    http://orangehrm.qedgetech.com/symfony/web/index.php/auth/login
Login Sucess::dashboard    http://orangehrm.qedgetech.com/symfony/web/index.php/auth/validateCredentials
Login Sucess::dashboard    http://orangehrm.qedgetech.com/symfony/web/index.php/auth/validateCredentials]]>
  </system-out>
</testsuite> <!-- april6.LoginTest -->
