<?xml version="1.0" encoding="UTF-8"?>
<!-- Generated by org.testng.reporters.JUnitReportReporter -->
<testsuite hostname="LAPTOP-7D68NT7T" failures="0" tests="2" name="qedge_April.AdvanceExtensionReport" time="22.010" errors="0" timestamp="2023-04-08T08:57:01 IST" skipped="0">
  <testcase classname="qedge_April.AdvanceExtensionReport" name="testfail" time="12.185"/>
  <system-out/>
  <testcase classname="qedge_April.AdvanceExtensionReport" name="testpass" time="9.825"/>
  <system-out/>
</testsuite> <!-- qedge_April.AdvanceExtensionReport -->
