<?xml version="1.0" encoding="UTF-8"?>
<!-- Generated by org.testng.reporters.JUnitReportReporter -->
<testsuite hostname="LAPTOP-7D68NT7T" failures="0" tests="3" name="qedge_march31.First_TestNGClass" time="1.691" errors="0" timestamp="2023-04-02T13:29:28 IST" skipped="0">
  <testcase classname="qedge_march31.First_TestNGClass" name="PBanking" time="0.992"/>
  <system-out>
    <![CDATA[Executing CBanking]]>
  </system-out>
  <testcase classname="qedge_march31.First_TestNGClass" name="CBanking" time="0.323"/>
  <system-out>
    <![CDATA[Executing CBanking]]>
  </system-out>
  <testcase classname="qedge_march31.First_TestNGClass" name="IBanking" time="0.376"/>
  <system-out>
    <![CDATA[Executing CBanking]]>
  </system-out>
</testsuite> <!-- qedge_march31.First_TestNGClass -->
