<?xml version="1.0" encoding="UTF-8"?>
<!-- Generated by org.testng.reporters.JUnitReportReporter -->
<testsuite hostname="LAPTOP-7D68NT7T" failures="0" tests="6" name="qedge_april1.ThirdTestNGClass" time="4.657" errors="0" timestamp="2023-04-02T13:38:23 IST" skipped="1">
  <testcase classname="qedge_april1.ThirdTestNGClass" name="branches" time="0.792"/>
  <system-out>
    <![CDATA[Executing the Branches Test]]>
  </system-out>
  <testcase classname="qedge_april1.ThirdTestNGClass" name="users" time="0.597"/>
  <system-out>
    <![CDATA[Executing the User Test]]>
  </system-out>
  <testcase classname="qedge_april1.ThirdTestNGClass" name="users" time="1.009"/>
  <system-out>
    <![CDATA[Executing the User Test]]>
  </system-out>
  <testcase classname="qedge_april1.ThirdTestNGClass" name="users" time="1.660"/>
  <system-out>
    <![CDATA[Executing the User Test]]>
  </system-out>
  <testcase classname="qedge_april1.ThirdTestNGClass" name="roles" time="0.599"/>
  <system-out>
    <![CDATA[Executing the Roles Test]]>
  </system-out>
  <testcase classname="qedge_april1.ThirdTestNGClass" name="employee">
    <skipped/>
  </testcase> <!-- employee -->
  <system-out/>
</testsuite> <!-- qedge_april1.ThirdTestNGClass -->
